#
# menu.lst
#

#color NORMAL   HIGHLIGHT   HELPTEXT    HEADING
#       f/b          f/b       f/b       f/b
color white/blue black/cyan white/black cyan/black

timeout 4
default 0

title BionicPup32 19.03
  kernel /vmlinuz    pmedia=usbflash pfix=nox
  initrd /initrd.gz

#title BionicPup32 19.03 - Don't copy SFS files to RAM\nIf you want more RAM available
#  kernel /vmlinuz    pmedia=usbflash pfix=fsck,nocopy
#  initrd /initrd.gz

#title BionicPup32 19.03 - Check filesystem\ndo filesystem check on savefile (and host partition)
#  kernel /vmlinuz    pmedia=usbflash pfix=fsck
#  initrd /initrd.gz

#title BionicPup32 19.03 - Force xorgwizard (xorgwizard)\nForce xorgwizard (if you are having problems booting puppy)...
#  kernel /vmlinuz    pmedia=usbflash pfix=xorgwizard
#  initrd /initrd.gz

#title BionicPup32 19.03 - No X\nTry 'xorgwizard' after bootup succeed to start graphic mode.
#  kernel /vmlinuz    pmedia=usbflash pfix=nox
#  initrd /initrd.gz

#title BionicPup32 19.03 - No Kernel Mode Setting\nNo KMS
#  kernel /vmlinuz    pmedia=usbflash nomodeset
#  initrd /initrd.gz

#title BionicPup32 19.03 - Safe mode, no X\nTry 'xorgwizard' after bootup succeed to start graphic mode.
#  kernel /vmlinuz    pmedia=usbflash pfix=ram,nox acpi=off apm=off nosmp noapic
#  initrd /initrd.gz
  
#title BionicPup32 19.03 - RAM only - no pupsave\nBoot up Puppy without pupsave
#  kernel /vmlinuz    pmedia=usbflash pfix=ram
#  initrd /initrd.gz

#title BionicPup32 19.03 - Ram Disk SHell\nExecute 'init' then dropout to prompt in initramfs
#  kernel /vmlinuz    pmedia=usbflash pfix=rdsh
#  initrd /initrd.gz

title
  root

title Help - Boot Params
  configfile /menu_phelp.lst

title
  root
  
# Boot from Partition Boot Sector

title Boot first hard drive (hd0,0)
  root (hd0,0)
  chainloader +1 || chainloader /grldr || chainloader /bootmngr

title
  root

# additionals

title Grub4Dos commandline\n(for experts only)
  commandline

title Reboot computer
  reboot

title Halt computer
  halt
